<?xml version="1.0" encoding="UTF-8"?>
<testsuite xmlns:xsi="http://www.w3.org/2001/XMLSchema-instance" xsi:noNamespaceSchemaLocation="https://maven.apache.org/surefire/maven-surefire-plugin/xsd/surefire-test-report.xsd" name="EMPTY_NAME" time="5.681" tests="1" errors="0" skipped="0" failures="1">
  <properties>
[...]
</properties>
  <testcase name="User can Select and Add items to the cart from Inventory Page" classname="EMPTY_NAME" time="5.681">
    <failure message="expected:&lt;2&gt; but was:&lt;23&gt;" type="java.lang.AssertionError"><![CDATA[java.lang.AssertionError: expected:<2> but was:<23>
]]></failure>
    <system-out><![CDATA[Apr 29, 2021 9:39:48 PM io.cucumber.junit.Cucumber <init>
WARNING: By default Cucumber is running in --non-strict mode.
This default will change to --strict and --non-strict will be removed.
You can use --strict or @CucumberOptions(strict = true) to suppress this warning

&amp#27;[31mFailed scenarios:&amp#27;[0m
&amp#27;[31mfile:///C:/Users/HP/IdeaProjects/BDDMavenClass/src/test/resources/Features/inventory.feature:7&amp#27;[0m# User can Select and Add items to the cart from Inventory Page
&amp#27;[31mfile:///C:/Users/HP/IdeaProjects/BDDMavenClass/src/test/resources/Features/login.feature:29&amp#27;[0m# User can test several credentials

5 Scenarios (&amp#27;[31m2 failed&amp#27;[0m, &amp#27;[32m3 passed&amp#27;[0m)
15 Steps (&amp#27;[31m2 failed&amp#27;[0m, &amp#27;[32m13 passed&amp#27;[0m)
0m24.267s


java.lang.AssertionError: expected:<2> but was:<23>
	at org.junit.Assert.fail(Assert.java:89)
	at org.junit.Assert.failNotEquals(Assert.java:835)
	at org.junit.Assert.assertEquals(Assert.java:647)
	at org.junit.Assert.assertEquals(Assert.java:633)
	at Tests.StepDefinitions.Inventory.the_item_is_in_cart(Inventory.java:39)
	at ?.The item is in cart(file:///C:/Users/HP/IdeaProjects/BDDMavenClass/src/test/resources/Features/inventory.feature:13)

java.lang.AssertionError
	at org.junit.Assert.fail(Assert.java:87)
	at org.junit.Assert.assertTrue(Assert.java:42)
	at org.junit.Assert.assertFalse(Assert.java:65)
	at org.junit.Assert.assertFalse(Assert.java:75)
	at Tests.StepDefinitions.Login.user_can_not_login(Login.java:53)
	at ?.User can not login(file:///C:/Users/HP/IdeaProjects/BDDMavenClass/src/test/resources/Features/login.feature:23)


]]></system-out>
    <system-err><![CDATA[SLF4J: Failed to load class "org.slf4j.impl.StaticLoggerBinder".
SLF4J: Defaulting to no-operation (NOP) logger implementation
SLF4J: See http://www.slf4j.org/codes.html#StaticLoggerBinder for further details.
Starting ChromeDriver 89.0.4389.23 (61b08ee2c50024bab004e48d2b1b083cdbdac579-refs/branch-heads/4389@{#294}) on port 23560
Only local connections are allowed.
Please see https://chromedriver.chromium.org/security-considerations for suggestions on keeping ChromeDriver safe.
ChromeDriver was started successfully.
Apr 29, 2021 9:39:51 PM org.openqa.selenium.remote.ProtocolHandshake createSession
INFO: Detected dialect: W3C
]]></system-err>
  </testcase>
</testsuite>